mode: set
github.com/chriscross0/go-restcountries/stringutils.go:8.31,9.17 1 1
github.com/chriscross0/go-restcountries/stringutils.go:13.2,15.18 3 1
github.com/chriscross0/go-restcountries/stringutils.go:9.17,11.3 1 1
github.com/chriscross0/go-restcountries/stringutils.go:20.44,22.31 2 1
github.com/chriscross0/go-restcountries/stringutils.go:26.2,26.12 1 1
github.com/chriscross0/go-restcountries/stringutils.go:22.31,24.3 1 1
github.com/chriscross0/go-restcountries/httputils.go:9.69,14.20 3 1
github.com/chriscross0/go-restcountries/httputils.go:18.2,21.20 3 1
github.com/chriscross0/go-restcountries/httputils.go:25.2,25.26 1 1
github.com/chriscross0/go-restcountries/httputils.go:14.20,16.3 1 1
github.com/chriscross0/go-restcountries/httputils.go:21.20,23.3 1 1
github.com/chriscross0/go-restcountries/restcountries.go:123.27,127.2 1 1
github.com/chriscross0/go-restcountries/restcountries.go:130.48,132.2 1 1
github.com/chriscross0/go-restcountries/restcountries.go:136.68,143.16 4 1
github.com/chriscross0/go-restcountries/restcountries.go:147.2,149.22 3 1
github.com/chriscross0/go-restcountries/restcountries.go:164.2,164.23 1 1
github.com/chriscross0/go-restcountries/restcountries.go:143.16,145.3 1 1
github.com/chriscross0/go-restcountries/restcountries.go:149.22,153.30 3 1
github.com/chriscross0/go-restcountries/restcountries.go:157.3,157.34 1 1
github.com/chriscross0/go-restcountries/restcountries.go:160.3,160.48 1 1
github.com/chriscross0/go-restcountries/restcountries.go:153.30,155.4 1 1
github.com/chriscross0/go-restcountries/restcountries.go:157.34,159.4 1 1
github.com/chriscross0/go-restcountries/restcountries.go:170.70,172.24 1 1
github.com/chriscross0/go-restcountries/restcountries.go:176.2,184.22 6 1
github.com/chriscross0/go-restcountries/restcountries.go:187.2,192.16 4 1
github.com/chriscross0/go-restcountries/restcountries.go:196.2,198.22 3 1
github.com/chriscross0/go-restcountries/restcountries.go:213.2,213.23 1 1
github.com/chriscross0/go-restcountries/restcountries.go:172.24,174.3 1 1
github.com/chriscross0/go-restcountries/restcountries.go:184.22,186.3 1 1
github.com/chriscross0/go-restcountries/restcountries.go:192.16,194.3 1 1
github.com/chriscross0/go-restcountries/restcountries.go:198.22,202.30 3 1
github.com/chriscross0/go-restcountries/restcountries.go:206.3,206.34 1 1
github.com/chriscross0/go-restcountries/restcountries.go:209.3,209.48 1 1
github.com/chriscross0/go-restcountries/restcountries.go:202.30,204.4 1 1
github.com/chriscross0/go-restcountries/restcountries.go:206.34,208.4 1 1
github.com/chriscross0/go-restcountries/restcountries.go:218.76,220.27 1 1
github.com/chriscross0/go-restcountries/restcountries.go:224.2,237.16 9 1
github.com/chriscross0/go-restcountries/restcountries.go:241.2,243.22 3 1
github.com/chriscross0/go-restcountries/restcountries.go:258.2,258.23 1 1
github.com/chriscross0/go-restcountries/restcountries.go:220.27,222.3 1 1
github.com/chriscross0/go-restcountries/restcountries.go:237.16,239.3 1 1
github.com/chriscross0/go-restcountries/restcountries.go:243.22,247.30 3 1
github.com/chriscross0/go-restcountries/restcountries.go:251.3,251.34 1 1
github.com/chriscross0/go-restcountries/restcountries.go:254.3,254.48 1 1
github.com/chriscross0/go-restcountries/restcountries.go:247.30,249.4 1 1
github.com/chriscross0/go-restcountries/restcountries.go:251.34,253.4 1 1
github.com/chriscross0/go-restcountries/restcountries.go:263.78,265.28 1 1
github.com/chriscross0/go-restcountries/restcountries.go:269.2,282.16 9 1
github.com/chriscross0/go-restcountries/restcountries.go:286.2,288.22 3 1
github.com/chriscross0/go-restcountries/restcountries.go:303.2,303.23 1 1
github.com/chriscross0/go-restcountries/restcountries.go:265.28,267.3 1 1
github.com/chriscross0/go-restcountries/restcountries.go:282.16,284.3 1 1
github.com/chriscross0/go-restcountries/restcountries.go:288.22,292.30 3 1
github.com/chriscross0/go-restcountries/restcountries.go:296.3,296.65 1 1
github.com/chriscross0/go-restcountries/restcountries.go:299.3,299.48 1 1
github.com/chriscross0/go-restcountries/restcountries.go:292.30,294.4 1 1
github.com/chriscross0/go-restcountries/restcountries.go:296.65,298.4 1 1
github.com/chriscross0/go-restcountries/restcountries.go:308.78,310.28 1 1
github.com/chriscross0/go-restcountries/restcountries.go:314.2,327.16 9 1
github.com/chriscross0/go-restcountries/restcountries.go:331.2,333.22 3 1
github.com/chriscross0/go-restcountries/restcountries.go:348.2,348.23 1 1
github.com/chriscross0/go-restcountries/restcountries.go:310.28,312.3 1 1
github.com/chriscross0/go-restcountries/restcountries.go:327.16,329.3 1 1
github.com/chriscross0/go-restcountries/restcountries.go:333.22,337.30 3 1
github.com/chriscross0/go-restcountries/restcountries.go:341.3,341.34 1 1
github.com/chriscross0/go-restcountries/restcountries.go:344.3,344.48 1 1
github.com/chriscross0/go-restcountries/restcountries.go:337.30,339.4 1 1
github.com/chriscross0/go-restcountries/restcountries.go:341.34,343.4 1 1
github.com/chriscross0/go-restcountries/restcountries.go:353.74,355.26 1 1
github.com/chriscross0/go-restcountries/restcountries.go:359.2,372.16 9 1
github.com/chriscross0/go-restcountries/restcountries.go:376.2,378.22 3 1
github.com/chriscross0/go-restcountries/restcountries.go:393.2,393.23 1 1
github.com/chriscross0/go-restcountries/restcountries.go:355.26,357.3 1 1
github.com/chriscross0/go-restcountries/restcountries.go:372.16,374.3 1 1
github.com/chriscross0/go-restcountries/restcountries.go:378.22,382.30 3 1
github.com/chriscross0/go-restcountries/restcountries.go:386.3,386.34 1 1
github.com/chriscross0/go-restcountries/restcountries.go:389.3,389.48 1 1
github.com/chriscross0/go-restcountries/restcountries.go:382.30,384.4 1 1
github.com/chriscross0/go-restcountries/restcountries.go:386.34,388.4 1 1
github.com/chriscross0/go-restcountries/restcountries.go:398.86,400.32 1 1
github.com/chriscross0/go-restcountries/restcountries.go:404.2,417.16 9 1
github.com/chriscross0/go-restcountries/restcountries.go:421.2,423.22 3 1
github.com/chriscross0/go-restcountries/restcountries.go:438.2,438.23 1 1
github.com/chriscross0/go-restcountries/restcountries.go:400.32,402.3 1 1
github.com/chriscross0/go-restcountries/restcountries.go:417.16,419.3 1 1
github.com/chriscross0/go-restcountries/restcountries.go:423.22,427.30 3 1
github.com/chriscross0/go-restcountries/restcountries.go:431.3,431.34 1 1
github.com/chriscross0/go-restcountries/restcountries.go:434.3,434.48 1 1
github.com/chriscross0/go-restcountries/restcountries.go:427.30,429.4 1 1
github.com/chriscross0/go-restcountries/restcountries.go:431.34,433.4 1 1
