mode: set
github.com/chriscross0/go-restcountries/httputils.go:9.69,14.20 3 1
github.com/chriscross0/go-restcountries/httputils.go:18.2,21.20 3 1
github.com/chriscross0/go-restcountries/httputils.go:25.2,25.26 1 1
github.com/chriscross0/go-restcountries/httputils.go:14.20,16.3 1 1
github.com/chriscross0/go-restcountries/httputils.go:21.20,23.3 1 1
github.com/chriscross0/go-restcountries/restcountries.go:111.27,115.2 1 1
github.com/chriscross0/go-restcountries/restcountries.go:118.48,120.2 1 1
github.com/chriscross0/go-restcountries/restcountries.go:124.68,131.16 4 1
github.com/chriscross0/go-restcountries/restcountries.go:135.2,137.22 3 1
github.com/chriscross0/go-restcountries/restcountries.go:152.2,152.23 1 1
github.com/chriscross0/go-restcountries/restcountries.go:131.16,133.3 1 1
github.com/chriscross0/go-restcountries/restcountries.go:137.22,141.30 3 1
github.com/chriscross0/go-restcountries/restcountries.go:145.3,145.34 1 1
github.com/chriscross0/go-restcountries/restcountries.go:148.3,148.48 1 1
github.com/chriscross0/go-restcountries/restcountries.go:141.30,143.4 1 1
github.com/chriscross0/go-restcountries/restcountries.go:145.34,147.4 1 1
github.com/chriscross0/go-restcountries/restcountries.go:158.70,160.24 1 1
github.com/chriscross0/go-restcountries/restcountries.go:164.2,172.22 6 1
github.com/chriscross0/go-restcountries/restcountries.go:175.2,180.16 4 1
github.com/chriscross0/go-restcountries/restcountries.go:184.2,186.22 3 1
github.com/chriscross0/go-restcountries/restcountries.go:201.2,201.23 1 1
github.com/chriscross0/go-restcountries/restcountries.go:160.24,162.3 1 1
github.com/chriscross0/go-restcountries/restcountries.go:172.22,174.3 1 1
github.com/chriscross0/go-restcountries/restcountries.go:180.16,182.3 1 1
github.com/chriscross0/go-restcountries/restcountries.go:186.22,190.30 3 1
github.com/chriscross0/go-restcountries/restcountries.go:194.3,194.34 1 1
github.com/chriscross0/go-restcountries/restcountries.go:197.3,197.48 1 1
github.com/chriscross0/go-restcountries/restcountries.go:190.30,192.4 1 1
github.com/chriscross0/go-restcountries/restcountries.go:194.34,196.4 1 1
github.com/chriscross0/go-restcountries/restcountries.go:206.76,208.27 1 1
github.com/chriscross0/go-restcountries/restcountries.go:212.2,225.16 9 1
github.com/chriscross0/go-restcountries/restcountries.go:229.2,231.22 3 1
github.com/chriscross0/go-restcountries/restcountries.go:246.2,246.23 1 1
github.com/chriscross0/go-restcountries/restcountries.go:208.27,210.3 1 1
github.com/chriscross0/go-restcountries/restcountries.go:225.16,227.3 1 1
github.com/chriscross0/go-restcountries/restcountries.go:231.22,235.30 3 1
github.com/chriscross0/go-restcountries/restcountries.go:239.3,239.34 1 1
github.com/chriscross0/go-restcountries/restcountries.go:242.3,242.48 1 1
github.com/chriscross0/go-restcountries/restcountries.go:235.30,237.4 1 1
github.com/chriscross0/go-restcountries/restcountries.go:239.34,241.4 1 1
github.com/chriscross0/go-restcountries/restcountries.go:251.78,253.28 1 1
github.com/chriscross0/go-restcountries/restcountries.go:257.2,270.16 9 1
github.com/chriscross0/go-restcountries/restcountries.go:274.2,276.22 3 1
github.com/chriscross0/go-restcountries/restcountries.go:291.2,291.23 1 1
github.com/chriscross0/go-restcountries/restcountries.go:253.28,255.3 1 1
github.com/chriscross0/go-restcountries/restcountries.go:270.16,272.3 1 1
github.com/chriscross0/go-restcountries/restcountries.go:276.22,280.30 3 1
github.com/chriscross0/go-restcountries/restcountries.go:284.3,284.65 1 1
github.com/chriscross0/go-restcountries/restcountries.go:287.3,287.48 1 1
github.com/chriscross0/go-restcountries/restcountries.go:280.30,282.4 1 1
github.com/chriscross0/go-restcountries/restcountries.go:284.65,286.4 1 1
github.com/chriscross0/go-restcountries/restcountries.go:296.78,298.28 1 1
github.com/chriscross0/go-restcountries/restcountries.go:302.2,315.16 9 1
github.com/chriscross0/go-restcountries/restcountries.go:319.2,321.22 3 1
github.com/chriscross0/go-restcountries/restcountries.go:336.2,336.23 1 1
github.com/chriscross0/go-restcountries/restcountries.go:298.28,300.3 1 1
github.com/chriscross0/go-restcountries/restcountries.go:315.16,317.3 1 1
github.com/chriscross0/go-restcountries/restcountries.go:321.22,325.30 3 1
github.com/chriscross0/go-restcountries/restcountries.go:329.3,329.34 1 1
github.com/chriscross0/go-restcountries/restcountries.go:332.3,332.48 1 1
github.com/chriscross0/go-restcountries/restcountries.go:325.30,327.4 1 1
github.com/chriscross0/go-restcountries/restcountries.go:329.34,331.4 1 1
github.com/chriscross0/go-restcountries/stringutils.go:8.31,9.17 1 1
github.com/chriscross0/go-restcountries/stringutils.go:13.2,15.18 3 1
github.com/chriscross0/go-restcountries/stringutils.go:9.17,11.3 1 1
github.com/chriscross0/go-restcountries/stringutils.go:20.44,22.31 2 1
github.com/chriscross0/go-restcountries/stringutils.go:26.2,26.12 1 1
github.com/chriscross0/go-restcountries/stringutils.go:22.31,24.3 1 1
